<?xml version="1.0" encoding="UTF-8"?>
<!-- Generated by org.testng.reporters.JUnitReportReporter -->
<testsuite skipped="0" hostname="DESKTOP-JCJ8HOK" name="testng.LinksTesting1" tests="2" failures="0" timestamp="11 Oct 2023 01:45:06 GMT" time="25.032" errors="0">
  <testcase name="linktesting1" time="8.468" classname="testng.LinksTesting1"/>
  <testcase name="linktesting1" time="16.564" classname="testng.LinksTesting1"/>
</testsuite> <!-- testng.LinksTesting1 -->
