<?xml version="1.0" encoding="UTF-8"?>
<!-- Generated by org.testng.reporters.JUnitReportReporter -->
<testsuite skipped="0" hostname="DESKTOP-JCJ8HOK" name="testng.TNG_003" tests="1" failures="0" timestamp="09 Oct 2023 02:21:25 GMT" time="20.328" errors="0">
  <testcase name="amazonTest" time="20.328" classname="testng.TNG_003"/>
</testsuite> <!-- testng.TNG_003 -->
