<?xml version="1.0" encoding="UTF-8"?>
<!-- Generated by org.testng.reporters.JUnitReportReporter -->
<testsuite skipped="0" hostname="DESKTOP-JCJ8HOK" name="testng.TNG_003" tests="2" failures="0" timestamp="11 Oct 2023 01:45:06 GMT" time="38.100" errors="0">
  <testcase name="amazonTest" time="14.950" classname="testng.TNG_003"/>
  <testcase name="amazonTest" time="23.150" classname="testng.TNG_003"/>
</testsuite> <!-- testng.TNG_003 -->
