<?xml version="1.0" encoding="UTF-8"?>
<!-- Generated by org.testng.reporters.JUnitReportReporter -->
<testsuite skipped="0" hostname="DESKTOP-JCJ8HOK" name="testng.CheckBox1" tests="2" failures="0" timestamp="11 Oct 2023 01:45:06 GMT" time="28.225" errors="0">
  <testcase name="checkboxTest" time="17.973" classname="testng.CheckBox1"/>
  <testcase name="checkboxTest" time="10.252" classname="testng.CheckBox1"/>
</testsuite> <!-- testng.CheckBox1 -->
