<?xml version="1.0" encoding="UTF-8"?>
<!-- Generated by org.testng.reporters.JUnitReportReporter -->
<testsuite skipped="0" hostname="DESKTOP-JCJ8HOK" name="testng.RadioButton1" tests="2" failures="0" timestamp="11 Oct 2023 01:45:06 GMT" time="47.242" errors="0">
  <testcase name="radioButtonTest" time="25.279" classname="testng.RadioButton1"/>
  <testcase name="radioButtonTest" time="21.963" classname="testng.RadioButton1"/>
</testsuite> <!-- testng.RadioButton1 -->
