<?xml version="1.0" encoding="UTF-8"?>
<!-- Generated by org.testng.reporters.JUnitReportReporter -->
<testsuite skipped="0" hostname="DESKTOP-JCJ8HOK" name="testng.CheckBox1" tests="1" failures="0" timestamp="09 Oct 2023 02:21:25 GMT" time="18.092" errors="0">
  <testcase name="checkboxTest" time="18.092" classname="testng.CheckBox1"/>
</testsuite> <!-- testng.CheckBox1 -->
