<?xml version="1.0" encoding="UTF-8"?>
<!-- Generated by org.testng.reporters.JUnitReportReporter -->
<testsuite skipped="0" hostname="DESKTOP-JCJ8HOK" name="testcases.BookingManagement" tests="2" failures="0" timestamp="17 Oct 2023 02:24:33 GMT" time="0.017" errors="0">
  <testcase name="createBooking" time="0.015" classname="testcases.BookingManagement"/>
  <testcase name="createBooking" time="0.002" classname="testcases.BookingManagement"/>
</testsuite> <!-- testcases.BookingManagement -->
