<?xml version="1.0" encoding="UTF-8"?>
<!-- Generated by org.testng.reporters.JUnitReportReporter -->
<testsuite skipped="0" hostname="DESKTOP-JCJ8HOK" name="testcases.PaymentManagement" tests="4" failures="0" timestamp="17 Oct 2023 02:24:33 GMT" time="0.026" errors="0">
  <testcase name="applyDiscount" time="0.001" classname="testcases.PaymentManagement"/>
  <testcase name="makePayment" time="0.007" classname="testcases.PaymentManagement"/>
  <testcase name="makePayment" time="0.012" classname="testcases.PaymentManagement"/>
  <testcase name="applyDiscount" time="0.006" classname="testcases.PaymentManagement"/>
</testsuite> <!-- testcases.PaymentManagement -->
