<?xml version="1.0" encoding="UTF-8"?>
<!-- Generated by org.testng.reporters.JUnitReportReporter -->
<testsuite skipped="0" hostname="DESKTOP-JCJ8HOK" name="testcases.CommunicationManagement" tests="4" failures="0" timestamp="17 Oct 2023 02:24:33 GMT" time="0.033" errors="0">
  <testcase name="checkMobileConfirmation" time="0.010" classname="testcases.CommunicationManagement"/>
  <testcase name="checkMailConfirmation" time="0.019" classname="testcases.CommunicationManagement"/>
  <testcase name="checkMailConfirmation" time="0.001" classname="testcases.CommunicationManagement"/>
  <testcase name="checkMobileConfirmation" time="0.003" classname="testcases.CommunicationManagement"/>
</testsuite> <!-- testcases.CommunicationManagement -->
